Using pre-set license
Built from '2020.3/staging' branch; Version is '2020.3.17f1 (a4537701e4ab) revision 10769271'; Using compiler version '192528614'; Build Type 'Release'
OS: 'Windows 10 Home; OS build 19043.1237; Version 2009; 64bit' Language: 'en' Physical Memory: 16331 MB
BatchMode: 1, IsHumanControllingUs: 0, StartBugReporterOnCrash: 0, Is64bit: 1, IsPro: 0

COMMAND LINE ARGUMENTS:
A:\Unity Editors\2020.3.17f1\Editor\Unity.exe
-adb2
-batchMode
-noUpm
-name
AssetImportWorker2
-projectPath
A:/jerem/Desktop/New folder/MatrixMLAPI/Integracion
-logFile
Logs/AssetImportWorker2.log
-srvPort
56438
Successfully changed project path to: A:/jerem/Desktop/New folder/MatrixMLAPI/Integracion
A:/jerem/Desktop/New folder/MatrixMLAPI/Integracion
Using Asset Import Pipeline V2.
Refreshing native plugins compatible for Editor in 91.79 ms, found 2 plugins.
Preloading 0 native plugins for Editor in 0.00 ms.
Initialize engine version: 2020.3.17f1 (a4537701e4ab)
[Subsystems] Discovering subsystems at path A:/Unity Editors/2020.3.17f1/Editor/Data/Resources/UnitySubsystems
[Subsystems] Discovering subsystems at path A:/jerem/Desktop/New folder/MatrixMLAPI/Integracion/Assets
GfxDevice: creating device client; threaded=0
Direct3D:
    Version:  Direct3D 11.0 [level 11.1]
    Renderer: NVIDIA GeForce GTX 1660 SUPER (ID=0x21c4)
    Vendor:   
    VRAM:     5991 MB
    Driver:   27.21.14.5671
Initialize mono
Mono path[0] = 'A:/Unity Editors/2020.3.17f1/Editor/Data/Managed'
Mono path[1] = 'A:/Unity Editors/2020.3.17f1/Editor/Data/MonoBleedingEdge/lib/mono/unityjit'
Mono config path = 'A:/Unity Editors/2020.3.17f1/Editor/Data/MonoBleedingEdge/etc'
Using monoOptions --debugger-agent=transport=dt_socket,embedding=1,server=y,suspend=n,address=127.0.0.1:56080
Begin MonoManager ReloadAssembly
Registering precompiled unity dll's ...
Register platform support module: A:/Unity Editors/2020.3.17f1/Editor/Data/PlaybackEngines/WindowsStandaloneSupport/UnityEditor.WindowsStandalone.Extensions.dll
Registered in 0.003178 seconds.
Native extension for WindowsStandalone target not found
Refreshing native plugins compatible for Editor in 88.00 ms, found 2 plugins.
Preloading 0 native plugins for Editor in 0.00 ms.
Mono: successfully reloaded assembly
- Completed reload, in  1.088 seconds
Domain Reload Profiling:
	ReloadAssembly (1089ms)
		BeginReloadAssembly (59ms)
			ExecutionOrderSort (0ms)
			DisableScriptedObjects (0ms)
			BackupInstance (0ms)
			ReleaseScriptingObjects (0ms)
			CreateAndSetChildDomain (1ms)
		EndReloadAssembly (402ms)
			LoadAssemblies (55ms)
			RebuildTransferFunctionScriptingTraits (0ms)
			SetupTypeCache (123ms)
			ReleaseScriptCaches (0ms)
			RebuildScriptCaches (26ms)
			SetupLoadedEditorAssemblies (189ms)
				LogAssemblyErrors (0ms)
				InitializePlatformSupportModulesInManaged (4ms)
				SetLoadedEditorAssemblies (0ms)
				RefreshPlugins (88ms)
				BeforeProcessingInitializeOnLoad (11ms)
				ProcessInitializeOnLoadAttributes (64ms)
				ProcessInitializeOnLoadMethodAttributes (22ms)
				AfterProcessingInitializeOnLoad (0ms)
				EditorAssembliesLoaded (0ms)
			ExecutionOrderSort2 (0ms)
			AwakeInstancesAfterBackupRestoration (0ms)
Platform modules already initialized, skipping
Registering precompiled user dll's ...
Registered in 0.008921 seconds.
Begin MonoManager ReloadAssembly
Native extension for WindowsStandalone target not found
Refreshing native plugins compatible for Editor in 90.95 ms, found 2 plugins.
Preloading 0 native plugins for Editor in 0.00 ms.
Mono: successfully reloaded assembly
- Completed reload, in  1.454 seconds
Domain Reload Profiling:
	ReloadAssembly (1455ms)
		BeginReloadAssembly (138ms)
			ExecutionOrderSort (0ms)
			DisableScriptedObjects (4ms)
			BackupInstance (0ms)
			ReleaseScriptingObjects (0ms)
			CreateAndSetChildDomain (16ms)
		EndReloadAssembly (1251ms)
			LoadAssemblies (104ms)
			RebuildTransferFunctionScriptingTraits (0ms)
			SetupTypeCache (315ms)
			ReleaseScriptCaches (1ms)
			RebuildScriptCaches (74ms)
			SetupLoadedEditorAssemblies (650ms)
				LogAssemblyErrors (0ms)
				InitializePlatformSupportModulesInManaged (3ms)
				SetLoadedEditorAssemblies (0ms)
				RefreshPlugins (91ms)
				BeforeProcessingInitializeOnLoad (115ms)
				ProcessInitializeOnLoadAttributes (293ms)
				ProcessInitializeOnLoadMethodAttributes (136ms)
				AfterProcessingInitializeOnLoad (11ms)
				EditorAssembliesLoaded (0ms)
			ExecutionOrderSort2 (0ms)
			AwakeInstancesAfterBackupRestoration (6ms)
Platform modules already initialized, skipping
========================================================================
Worker process is ready to serve import requests
Launched and connected shader compiler UnityShaderCompiler.exe after 0.16 seconds
Refreshing native plugins compatible for Editor in 0.87 ms, found 2 plugins.
Preloading 0 native plugins for Editor in 0.00 ms.
Unloading 4283 Unused Serialized files (Serialized files now loaded: 0)
System memory in use before: 207.1 MB.
System memory in use after: 207.3 MB.

Unloading 24 unused Assets to reduce memory usage. Loaded Objects now: 4728.
Total: 3.566900 ms (FindLiveObjects: 0.393000 ms CreateObjectMapping: 0.108800 ms MarkObjects: 2.969900 ms  DeleteObjects: 0.094400 ms)

AssetImportParameters requested are different than current active one (requested -> active):
  custom:framework-win-MediaFoundation: 216162199b28c13a410421893ffa2e32 -> 
  custom:video-decoder-ogg-theora: a1e56fd34408186e4bbccfd4996cb3dc -> 
  custom:container-muxer-webm: aa71ff27fc2769a1b78a27578f13a17b -> 
  custom:container-demuxer-webm: 4f35f7cbe854078d1ac9338744f61a02 -> 
  custom:container-demuxer-ogg: 62fdf1f143b41e24485cea50d1cbac27 -> 
  custom:video-encoder-webm-vp8: eb34c28f22e8b96e1ab97ce403110664 -> 
  custom:video-decoder-webm-vp8: 9c59270c3fd7afecdb556c50c9e8de78 -> 
  custom:audio-decoder-ogg-vorbis: bf7c407c2cedff20999df2af8eb42d56 -> 
  custom:audio-encoder-webm-vorbis: bf7c407c2cedff20999df2af8eb42d56 -> 
========================================================================
Received Import Request.
  path: Assets/Prefabs/SmithTerminado.prefab
  artifactKey: Guid(4106ebccd074e054abe07528e2b63f15) Importer(815301076,1909f56bfc062723c751e8b465ee728b)
Start importing Assets/Prefabs/SmithTerminado.prefab using Guid(4106ebccd074e054abe07528e2b63f15) Importer(815301076,1909f56bfc062723c751e8b465ee728b) Launched and connected shader compiler UnityShaderCompiler.exe after 0.12 seconds
Launched and connected shader compiler UnityShaderCompiler.exe after 0.07 seconds
Launched and connected shader compiler UnityShaderCompiler.exe after 0.06 seconds
Launched and connected shader compiler UnityShaderCompiler.exe after 0.06 seconds
Launched and connected shader compiler UnityShaderCompiler.exe after 0.07 seconds
 -> (artifact id: '396c5b35a18a0d7ce5647cab0721edd0') in 1.452214 seconds 
  Import took 1.480609 seconds .

========================================================================
Received Import Request.
  Time since last request: 14.080402 seconds.
  path: Assets/ConnectionApproval/Prefabs/Morfeo.prefab
  artifactKey: Guid(d89145dc9b842e243ba378758e5a840e) Importer(815301076,1909f56bfc062723c751e8b465ee728b)
Start importing Assets/ConnectionApproval/Prefabs/Morfeo.prefab using Guid(d89145dc9b842e243ba378758e5a840e) Importer(815301076,1909f56bfc062723c751e8b465ee728b)  -> (artifact id: '5624d4779812d241c832ea49f6e3fc5b') in 0.055407 seconds 
  Import took 0.062684 seconds .

========================================================================
Received Import Request.
  Time since last request: 8.787596 seconds.
  path: Assets/ConnectionApproval/Prefabs/Morfeo.prefab
  artifactKey: Guid(d89145dc9b842e243ba378758e5a840e) Importer(815301076,1909f56bfc062723c751e8b465ee728b)
Start importing Assets/ConnectionApproval/Prefabs/Morfeo.prefab using Guid(d89145dc9b842e243ba378758e5a840e) Importer(815301076,1909f56bfc062723c751e8b465ee728b)  -> (artifact id: 'ede088c544a26c8f1b99acb061f744b5') in 0.042878 seconds 
  Import took 0.060300 seconds .

========================================================================
Received Import Request.
  Time since last request: 4.749256 seconds.
  path: Assets/ConnectionApproval/Prefabs/Morfeo.prefab
  artifactKey: Guid(d89145dc9b842e243ba378758e5a840e) Importer(815301076,1909f56bfc062723c751e8b465ee728b)
Start importing Assets/ConnectionApproval/Prefabs/Morfeo.prefab using Guid(d89145dc9b842e243ba378758e5a840e) Importer(815301076,1909f56bfc062723c751e8b465ee728b)  -> (artifact id: '2ff56d003d7fcdd473d0724fc7f5b68f') in 0.032074 seconds 
  Import took 0.039238 seconds .

========================================================================
Received Import Request.
  Time since last request: 4.236641 seconds.
  path: Assets/ConnectionApproval/Prefabs/Morfeo.prefab
  artifactKey: Guid(d89145dc9b842e243ba378758e5a840e) Importer(815301076,1909f56bfc062723c751e8b465ee728b)
Start importing Assets/ConnectionApproval/Prefabs/Morfeo.prefab using Guid(d89145dc9b842e243ba378758e5a840e) Importer(815301076,1909f56bfc062723c751e8b465ee728b)  -> (artifact id: '08cdf63cc3f35762634a497c5a14b26d') in 0.033666 seconds 
  Import took 0.040518 seconds .

========================================================================
Received Import Request.
  Time since last request: 2.338261 seconds.
  path: Assets/ConnectionApproval/Prefabs/Morfeo.prefab
  artifactKey: Guid(d89145dc9b842e243ba378758e5a840e) Importer(815301076,1909f56bfc062723c751e8b465ee728b)
Start importing Assets/ConnectionApproval/Prefabs/Morfeo.prefab using Guid(d89145dc9b842e243ba378758e5a840e) Importer(815301076,1909f56bfc062723c751e8b465ee728b)  -> (artifact id: '284d464d847e69e0e298aed58fd833ce') in 0.031810 seconds 
  Import took 0.053224 seconds .

========================================================================
Received Import Request.
  Time since last request: 6.046288 seconds.
  path: Assets/ConnectionApproval/Prefabs/Morfeo.prefab
  artifactKey: Guid(d89145dc9b842e243ba378758e5a840e) Importer(815301076,1909f56bfc062723c751e8b465ee728b)
Start importing Assets/ConnectionApproval/Prefabs/Morfeo.prefab using Guid(d89145dc9b842e243ba378758e5a840e) Importer(815301076,1909f56bfc062723c751e8b465ee728b)  -> (artifact id: '89701e91c4f724ec0ad09e3e60c5c18a') in 0.032671 seconds 
  Import took 0.039687 seconds .

========================================================================
Received Import Request.
  Time since last request: 8.382543 seconds.
  path: Assets/ConnectionApproval/Prefabs/Morfeo.prefab
  artifactKey: Guid(d89145dc9b842e243ba378758e5a840e) Importer(815301076,1909f56bfc062723c751e8b465ee728b)
Start importing Assets/ConnectionApproval/Prefabs/Morfeo.prefab using Guid(d89145dc9b842e243ba378758e5a840e) Importer(815301076,1909f56bfc062723c751e8b465ee728b)  -> (artifact id: 'e18020f9e72f27527db787b2e85350c7') in 0.034298 seconds 
  Import took 0.066633 seconds .

========================================================================
Received Import Request.
  Time since last request: 0.346362 seconds.
  path: Assets/ConnectionApproval/Prefabs/Morfeo.prefab
  artifactKey: Guid(d89145dc9b842e243ba378758e5a840e) Importer(815301076,1909f56bfc062723c751e8b465ee728b)
Start importing Assets/ConnectionApproval/Prefabs/Morfeo.prefab using Guid(d89145dc9b842e243ba378758e5a840e) Importer(815301076,1909f56bfc062723c751e8b465ee728b)  -> (artifact id: 'b1c7d8fb209d8284e7d8b691f6afac62') in 0.033077 seconds 
  Import took 0.039838 seconds .

========================================================================
Received Import Request.
  Time since last request: 0.359059 seconds.
  path: Assets/ConnectionApproval/Prefabs/Morfeo.prefab
  artifactKey: Guid(d89145dc9b842e243ba378758e5a840e) Importer(815301076,1909f56bfc062723c751e8b465ee728b)
Start importing Assets/ConnectionApproval/Prefabs/Morfeo.prefab using Guid(d89145dc9b842e243ba378758e5a840e) Importer(815301076,1909f56bfc062723c751e8b465ee728b)  -> (artifact id: 'c50bcaab6582c8ac27b4cd5620c3cd8c') in 0.032922 seconds 
  Import took 0.040360 seconds .

========================================================================
Received Prepare
Refreshing native plugins compatible for Editor in 6.27 ms, found 2 plugins.
Preloading 0 native plugins for Editor in 0.00 ms.
Unloading 17 Unused Serialized files (Serialized files now loaded: 0)
System memory in use before: 133.5 MB.
System memory in use after: 133.8 MB.

Unloading 17 unused Assets to reduce memory usage. Loaded Objects now: 5437.
Total: 6.352000 ms (FindLiveObjects: 0.476400 ms CreateObjectMapping: 0.116100 ms MarkObjects: 5.682800 ms  DeleteObjects: 0.076000 ms)

AssetImportParameters requested are different than current active one (requested -> active):
  custom:framework-win-MediaFoundation: 216162199b28c13a410421893ffa2e32 -> 
  custom:video-decoder-ogg-theora: a1e56fd34408186e4bbccfd4996cb3dc -> 
  custom:container-muxer-webm: aa71ff27fc2769a1b78a27578f13a17b -> 
  custom:container-demuxer-webm: 4f35f7cbe854078d1ac9338744f61a02 -> 
  custom:container-demuxer-ogg: 62fdf1f143b41e24485cea50d1cbac27 -> 
  custom:video-encoder-webm-vp8: eb34c28f22e8b96e1ab97ce403110664 -> 
  custom:video-decoder-webm-vp8: 9c59270c3fd7afecdb556c50c9e8de78 -> 
  custom:audio-decoder-ogg-vorbis: bf7c407c2cedff20999df2af8eb42d56 -> 
  custom:audio-encoder-webm-vorbis: bf7c407c2cedff20999df2af8eb42d56 -> 
========================================================================
Received Prepare
Registering precompiled user dll's ...
Registered in 0.148189 seconds.
Begin MonoManager ReloadAssembly
Native extension for WindowsStandalone target not found
Refreshing native plugins compatible for Editor in 0.88 ms, found 2 plugins.
Preloading 0 native plugins for Editor in 0.00 ms.
Mono: successfully reloaded assembly
- Completed reload, in  2.219 seconds
Domain Reload Profiling:
	ReloadAssembly (2219ms)
		BeginReloadAssembly (229ms)
			ExecutionOrderSort (0ms)
			DisableScriptedObjects (31ms)
			BackupInstance (0ms)
			ReleaseScriptingObjects (0ms)
			CreateAndSetChildDomain (62ms)
		EndReloadAssembly (1922ms)
			LoadAssemblies (110ms)
			RebuildTransferFunctionScriptingTraits (0ms)
			SetupTypeCache (317ms)
			ReleaseScriptCaches (2ms)
			RebuildScriptCaches (60ms)
			SetupLoadedEditorAssemblies (541ms)
				LogAssemblyErrors (0ms)
				InitializePlatformSupportModulesInManaged (4ms)
				SetLoadedEditorAssemblies (0ms)
				RefreshPlugins (1ms)
				BeforeProcessingInitializeOnLoad (116ms)
				ProcessInitializeOnLoadAttributes (403ms)
				ProcessInitializeOnLoadMethodAttributes (5ms)
				AfterProcessingInitializeOnLoad (11ms)
				EditorAssembliesLoaded (0ms)
			ExecutionOrderSort2 (0ms)
			AwakeInstancesAfterBackupRestoration (9ms)
Platform modules already initialized, skipping
Refreshing native plugins compatible for Editor in 0.99 ms, found 2 plugins.
Preloading 0 native plugins for Editor in 0.00 ms.
Unloading 3960 Unused Serialized files (Serialized files now loaded: 0)
System memory in use before: 217.0 MB.
System memory in use after: 217.2 MB.

Unloading 19 unused Assets to reduce memory usage. Loaded Objects now: 4869.
Total: 3.657100 ms (FindLiveObjects: 0.378600 ms CreateObjectMapping: 0.109600 ms MarkObjects: 3.101200 ms  DeleteObjects: 0.066400 ms)

AssetImportParameters requested are different than current active one (requested -> active):
  custom:framework-win-MediaFoundation: 216162199b28c13a410421893ffa2e32 -> 
  custom:video-decoder-ogg-theora: a1e56fd34408186e4bbccfd4996cb3dc -> 
  custom:container-muxer-webm: aa71ff27fc2769a1b78a27578f13a17b -> 
  custom:container-demuxer-webm: 4f35f7cbe854078d1ac9338744f61a02 -> 
  custom:container-demuxer-ogg: 62fdf1f143b41e24485cea50d1cbac27 -> 
  custom:video-encoder-webm-vp8: eb34c28f22e8b96e1ab97ce403110664 -> 
  custom:video-decoder-webm-vp8: 9c59270c3fd7afecdb556c50c9e8de78 -> 
  custom:audio-decoder-ogg-vorbis: bf7c407c2cedff20999df2af8eb42d56 -> 
  custom:audio-encoder-webm-vorbis: bf7c407c2cedff20999df2af8eb42d56 -> 
========================================================================
Received Prepare
Refreshing native plugins compatible for Editor in 6.66 ms, found 2 plugins.
Preloading 0 native plugins for Editor in 0.00 ms.
Unloading 17 Unused Serialized files (Serialized files now loaded: 0)
System memory in use before: 138.9 MB.
System memory in use after: 139.1 MB.

Unloading 17 unused Assets to reduce memory usage. Loaded Objects now: 4869.
Total: 4.575400 ms (FindLiveObjects: 0.504400 ms CreateObjectMapping: 0.154500 ms MarkObjects: 3.841500 ms  DeleteObjects: 0.074400 ms)

AssetImportParameters requested are different than current active one (requested -> active):
  custom:framework-win-MediaFoundation: 216162199b28c13a410421893ffa2e32 -> 
  custom:video-decoder-ogg-theora: a1e56fd34408186e4bbccfd4996cb3dc -> 
  custom:container-muxer-webm: aa71ff27fc2769a1b78a27578f13a17b -> 
  custom:container-demuxer-webm: 4f35f7cbe854078d1ac9338744f61a02 -> 
  custom:container-demuxer-ogg: 62fdf1f143b41e24485cea50d1cbac27 -> 
  custom:video-encoder-webm-vp8: eb34c28f22e8b96e1ab97ce403110664 -> 
  custom:video-decoder-webm-vp8: 9c59270c3fd7afecdb556c50c9e8de78 -> 
  custom:audio-decoder-ogg-vorbis: bf7c407c2cedff20999df2af8eb42d56 -> 
  custom:audio-encoder-webm-vorbis: bf7c407c2cedff20999df2af8eb42d56 -> 
========================================================================
Received Prepare
Registering precompiled user dll's ...
Registered in 0.027729 seconds.
Begin MonoManager ReloadAssembly
Native extension for WindowsStandalone target not found
Refreshing native plugins compatible for Editor in 0.91 ms, found 2 plugins.
Preloading 0 native plugins for Editor in 0.00 ms.
Mono: successfully reloaded assembly
- Completed reload, in  1.308 seconds
Domain Reload Profiling:
	ReloadAssembly (1309ms)
		BeginReloadAssembly (128ms)
			ExecutionOrderSort (0ms)
			DisableScriptedObjects (4ms)
			BackupInstance (0ms)
			ReleaseScriptingObjects (0ms)
			CreateAndSetChildDomain (39ms)
		EndReloadAssembly (1114ms)
			LoadAssemblies (103ms)
			RebuildTransferFunctionScriptingTraits (0ms)
			SetupTypeCache (306ms)
			ReleaseScriptCaches (2ms)
			RebuildScriptCaches (62ms)
			SetupLoadedEditorAssemblies (409ms)
				LogAssemblyErrors (0ms)
				InitializePlatformSupportModulesInManaged (4ms)
				SetLoadedEditorAssemblies (0ms)
				RefreshPlugins (1ms)
				BeforeProcessingInitializeOnLoad (117ms)
				ProcessInitializeOnLoadAttributes (270ms)
				ProcessInitializeOnLoadMethodAttributes (5ms)
				AfterProcessingInitializeOnLoad (11ms)
				EditorAssembliesLoaded (0ms)
			ExecutionOrderSort2 (0ms)
			AwakeInstancesAfterBackupRestoration (16ms)
Platform modules already initialized, skipping
Refreshing native plugins compatible for Editor in 0.87 ms, found 2 plugins.
Preloading 0 native plugins for Editor in 0.00 ms.
Unloading 3946 Unused Serialized files (Serialized files now loaded: 0)
System memory in use before: 216.5 MB.
System memory in use after: 216.7 MB.

Unloading 19 unused Assets to reduce memory usage. Loaded Objects now: 4871.
Total: 3.644000 ms (FindLiveObjects: 0.372000 ms CreateObjectMapping: 0.109300 ms MarkObjects: 3.087500 ms  DeleteObjects: 0.074000 ms)

AssetImportParameters requested are different than current active one (requested -> active):
  custom:framework-win-MediaFoundation: 216162199b28c13a410421893ffa2e32 -> 
  custom:video-decoder-ogg-theora: a1e56fd34408186e4bbccfd4996cb3dc -> 
  custom:container-muxer-webm: aa71ff27fc2769a1b78a27578f13a17b -> 
  custom:container-demuxer-webm: 4f35f7cbe854078d1ac9338744f61a02 -> 
  custom:container-demuxer-ogg: 62fdf1f143b41e24485cea50d1cbac27 -> 
  custom:video-encoder-webm-vp8: eb34c28f22e8b96e1ab97ce403110664 -> 
  custom:video-decoder-webm-vp8: 9c59270c3fd7afecdb556c50c9e8de78 -> 
  custom:audio-decoder-ogg-vorbis: bf7c407c2cedff20999df2af8eb42d56 -> 
  custom:audio-encoder-webm-vorbis: bf7c407c2cedff20999df2af8eb42d56 -> 
========================================================================
Received Prepare
Refreshing native plugins compatible for Editor in 6.26 ms, found 2 plugins.
Preloading 0 native plugins for Editor in 0.00 ms.
Unloading 17 Unused Serialized files (Serialized files now loaded: 0)
System memory in use before: 139.0 MB.
System memory in use after: 139.2 MB.

Unloading 17 unused Assets to reduce memory usage. Loaded Objects now: 4871.
Total: 4.224200 ms (FindLiveObjects: 0.372700 ms CreateObjectMapping: 0.109700 ms MarkObjects: 3.676500 ms  DeleteObjects: 0.064500 ms)

AssetImportParameters requested are different than current active one (requested -> active):
  custom:framework-win-MediaFoundation: 216162199b28c13a410421893ffa2e32 -> 
  custom:video-decoder-ogg-theora: a1e56fd34408186e4bbccfd4996cb3dc -> 
  custom:container-muxer-webm: aa71ff27fc2769a1b78a27578f13a17b -> 
  custom:container-demuxer-webm: 4f35f7cbe854078d1ac9338744f61a02 -> 
  custom:container-demuxer-ogg: 62fdf1f143b41e24485cea50d1cbac27 -> 
  custom:video-encoder-webm-vp8: eb34c28f22e8b96e1ab97ce403110664 -> 
  custom:video-decoder-webm-vp8: 9c59270c3fd7afecdb556c50c9e8de78 -> 
  custom:audio-decoder-ogg-vorbis: bf7c407c2cedff20999df2af8eb42d56 -> 
  custom:audio-encoder-webm-vorbis: bf7c407c2cedff20999df2af8eb42d56 -> 
AssetImportWorkerClient::OnTransportError - code=2 error=End of file
